{"/Users/Chalon/Rithm/express-jobly/app.js": {"path":"/Users/Chalon/Rithm/express-jobly/app.js","statementMap":{"0":{"start":{"line":5,"column":16},"end":{"line":5,"column":34}},"1":{"start":{"line":6,"column":13},"end":{"line":6,"column":28}},"2":{"start":{"line":8,"column":26},"end":{"line":8,"column":51}},"3":{"start":{"line":10,"column":28},"end":{"line":10,"column":56}},"4":{"start":{"line":11,"column":19},"end":{"line":11,"column":43}},"5":{"start":{"line":12,"column":24},"end":{"line":12,"column":53}},"6":{"start":{"line":13,"column":20},"end":{"line":13,"column":45}},"7":{"start":{"line":15,"column":15},"end":{"line":15,"column":32}},"8":{"start":{"line":17,"column":12},"end":{"line":17,"column":21}},"9":{"start":{"line":19,"column":0},"end":{"line":19,"column":16}},"10":{"start":{"line":20,"column":0},"end":{"line":20,"column":24}},"11":{"start":{"line":21,"column":0},"end":{"line":21,"column":24}},"12":{"start":{"line":22,"column":0},"end":{"line":22,"column":25}},"13":{"start":{"line":24,"column":0},"end":{"line":24,"column":29}},"14":{"start":{"line":25,"column":0},"end":{"line":25,"column":39}},"15":{"start":{"line":26,"column":0},"end":{"line":26,"column":31}},"16":{"start":{"line":30,"column":0},"end":{"line":32,"column":3}},"17":{"start":{"line":31,"column":2},"end":{"line":31,"column":28}},"18":{"start":{"line":35,"column":0},"end":{"line":43,"column":3}},"19":{"start":{"line":36,"column":2},"end":{"line":36,"column":64}},"20":{"start":{"line":36,"column":39},"end":{"line":36,"column":64}},"21":{"start":{"line":37,"column":17},"end":{"line":37,"column":34}},"22":{"start":{"line":38,"column":18},"end":{"line":38,"column":29}},"23":{"start":{"line":40,"column":2},"end":{"line":42,"column":5}},"24":{"start":{"line":45,"column":0},"end":{"line":45,"column":21}}},"fnMap":{"0":{"name":"(anonymous_0)","decl":{"start":{"line":30,"column":8},"end":{"line":30,"column":9}},"loc":{"start":{"line":30,"column":34},"end":{"line":32,"column":1}},"line":30},"1":{"name":"(anonymous_1)","decl":{"start":{"line":35,"column":8},"end":{"line":35,"column":9}},"loc":{"start":{"line":35,"column":39},"end":{"line":43,"column":1}},"line":35}},"branchMap":{"0":{"loc":{"start":{"line":36,"column":2},"end":{"line":36,"column":64}},"type":"if","locations":[{"start":{"line":36,"column":2},"end":{"line":36,"column":64}},{"start":{},"end":{}}],"line":36},"1":{"loc":{"start":{"line":37,"column":17},"end":{"line":37,"column":34}},"type":"binary-expr","locations":[{"start":{"line":37,"column":17},"end":{"line":37,"column":27}},{"start":{"line":37,"column":31},"end":{"line":37,"column":34}}],"line":37}},"s":{"0":4,"1":4,"2":4,"3":4,"4":4,"5":4,"6":4,"7":4,"8":4,"9":4,"10":4,"11":4,"12":4,"13":4,"14":4,"15":4,"16":4,"17":2,"18":4,"19":42,"20":1,"21":42,"22":42,"23":42,"24":4},"f":{"0":2,"1":42},"b":{"0":[1,41],"1":[42,2]},"_coverageSchema":"1a1c01bbd47fc00a2c39e90264f33305004495a9","hash":"00cd794c36a01ebbaad385fe90516510efb7dcfc"}
,"/Users/Chalon/Rithm/express-jobly/config.js": {"path":"/Users/Chalon/Rithm/express-jobly/config.js","statementMap":{"0":{"start":{"line":5,"column":0},"end":{"line":5,"column":27}},"1":{"start":{"line":6,"column":0},"end":{"line":6,"column":18}},"2":{"start":{"line":8,"column":19},"end":{"line":8,"column":57}},"3":{"start":{"line":10,"column":13},"end":{"line":10,"column":38}},"4":{"start":{"line":15,"column":2},"end":{"line":17,"column":44}},"5":{"start":{"line":32,"column":27},"end":{"line":32,"column":67}},"6":{"start":{"line":34,"column":0},"end":{"line":34,"column":35}},"7":{"start":{"line":35,"column":0},"end":{"line":35,"column":46}},"8":{"start":{"line":36,"column":0},"end":{"line":36,"column":45}},"9":{"start":{"line":37,"column":0},"end":{"line":37,"column":61}},"10":{"start":{"line":38,"column":0},"end":{"line":38,"column":50}},"11":{"start":{"line":39,"column":0},"end":{"line":39,"column":19}},"12":{"start":{"line":41,"column":0},"end":{"line":46,"column":2}}},"fnMap":{"0":{"name":"getDatabaseUri","decl":{"start":{"line":14,"column":9},"end":{"line":14,"column":23}},"loc":{"start":{"line":14,"column":26},"end":{"line":18,"column":1}},"line":14}},"branchMap":{"0":{"loc":{"start":{"line":8,"column":19},"end":{"line":8,"column":57}},"type":"binary-expr","locations":[{"start":{"line":8,"column":19},"end":{"line":8,"column":41}},{"start":{"line":8,"column":45},"end":{"line":8,"column":57}}],"line":8},"1":{"loc":{"start":{"line":10,"column":13},"end":{"line":10,"column":38}},"type":"binary-expr","locations":[{"start":{"line":10,"column":13},"end":{"line":10,"column":30}},{"start":{"line":10,"column":34},"end":{"line":10,"column":38}}],"line":10},"2":{"loc":{"start":{"line":15,"column":9},"end":{"line":17,"column":43}},"type":"cond-expr","locations":[{"start":{"line":16,"column":8},"end":{"line":16,"column":20}},{"start":{"line":17,"column":8},"end":{"line":17,"column":43}}],"line":15},"3":{"loc":{"start":{"line":17,"column":8},"end":{"line":17,"column":43}},"type":"binary-expr","locations":[{"start":{"line":17,"column":8},"end":{"line":17,"column":32}},{"start":{"line":17,"column":36},"end":{"line":17,"column":43}}],"line":17},"4":{"loc":{"start":{"line":32,"column":27},"end":{"line":32,"column":67}},"type":"cond-expr","locations":[{"start":{"line":32,"column":61},"end":{"line":32,"column":62}},{"start":{"line":32,"column":65},"end":{"line":32,"column":67}}],"line":32}},"s":{"0":10,"1":10,"2":10,"3":10,"4":20,"5":10,"6":10,"7":10,"8":10,"9":10,"10":10,"11":10,"12":10},"f":{"0":20},"b":{"0":[10,0],"1":[10,9],"2":[17,3],"3":[3,1],"4":[9,1]},"_coverageSchema":"1a1c01bbd47fc00a2c39e90264f33305004495a9","hash":"02952a0dc6f825b320dfa0c06a6c712e3030eaf3"}
,"/Users/Chalon/Rithm/express-jobly/db.js": {"path":"/Users/Chalon/Rithm/express-jobly/db.js","statementMap":{"0":{"start":{"line":5,"column":19},"end":{"line":5,"column":32}},"1":{"start":{"line":6,"column":27},"end":{"line":6,"column":46}},"2":{"start":{"line":8,"column":11},"end":{"line":10,"column":2}},"3":{"start":{"line":12,"column":0},"end":{"line":12,"column":13}},"4":{"start":{"line":14,"column":0},"end":{"line":14,"column":20}}},"fnMap":{},"branchMap":{},"s":{"0":7,"1":7,"2":7,"3":7,"4":7},"f":{},"b":{},"_coverageSchema":"1a1c01bbd47fc00a2c39e90264f33305004495a9","hash":"dfdd2dcff1655b21813c42f7dfe58fb13b0d7010"}
,"/Users/Chalon/Rithm/express-jobly/expressError.js": {"path":"/Users/Chalon/Rithm/express-jobly/expressError.js","statementMap":{"0":{"start":{"line":9,"column":4},"end":{"line":9,"column":12}},"1":{"start":{"line":10,"column":4},"end":{"line":10,"column":27}},"2":{"start":{"line":11,"column":4},"end":{"line":11,"column":25}},"3":{"start":{"line":19,"column":4},"end":{"line":19,"column":24}},"4":{"start":{"line":27,"column":4},"end":{"line":27,"column":24}},"5":{"start":{"line":35,"column":4},"end":{"line":35,"column":24}},"6":{"start":{"line":43,"column":4},"end":{"line":43,"column":24}},"7":{"start":{"line":47,"column":0},"end":{"line":53,"column":2}}},"fnMap":{"0":{"name":"(anonymous_0)","decl":{"start":{"line":8,"column":2},"end":{"line":8,"column":3}},"loc":{"start":{"line":8,"column":31},"end":{"line":12,"column":3}},"line":8},"1":{"name":"(anonymous_1)","decl":{"start":{"line":18,"column":2},"end":{"line":18,"column":3}},"loc":{"start":{"line":18,"column":37},"end":{"line":20,"column":3}},"line":18},"2":{"name":"(anonymous_2)","decl":{"start":{"line":26,"column":2},"end":{"line":26,"column":3}},"loc":{"start":{"line":26,"column":40},"end":{"line":28,"column":3}},"line":26},"3":{"name":"(anonymous_3)","decl":{"start":{"line":34,"column":2},"end":{"line":34,"column":3}},"loc":{"start":{"line":34,"column":39},"end":{"line":36,"column":3}},"line":34},"4":{"name":"(anonymous_4)","decl":{"start":{"line":42,"column":2},"end":{"line":42,"column":3}},"loc":{"start":{"line":42,"column":39},"end":{"line":44,"column":3}},"line":42}},"branchMap":{"0":{"loc":{"start":{"line":18,"column":14},"end":{"line":18,"column":35}},"type":"default-arg","locations":[{"start":{"line":18,"column":24},"end":{"line":18,"column":35}}],"line":18},"1":{"loc":{"start":{"line":26,"column":14},"end":{"line":26,"column":38}},"type":"default-arg","locations":[{"start":{"line":26,"column":24},"end":{"line":26,"column":38}}],"line":26},"2":{"loc":{"start":{"line":34,"column":14},"end":{"line":34,"column":37}},"type":"default-arg","locations":[{"start":{"line":34,"column":24},"end":{"line":34,"column":37}}],"line":34},"3":{"loc":{"start":{"line":42,"column":14},"end":{"line":42,"column":37}},"type":"default-arg","locations":[{"start":{"line":42,"column":24},"end":{"line":42,"column":37}}],"line":42}},"s":{"0":60,"1":60,"2":60,"3":19,"4":21,"5":20,"6":0,"7":9},"f":{"0":60,"1":19,"2":21,"3":20,"4":0},"b":{"0":[2],"1":[0],"2":[0],"3":[0]},"_coverageSchema":"1a1c01bbd47fc00a2c39e90264f33305004495a9","hash":"cf33ef3ed961bc0ed12992163c7a1ec22353f599"}
,"/Users/Chalon/Rithm/express-jobly/helpers/sql.js": {"path":"/Users/Chalon/Rithm/express-jobly/helpers/sql.js","statementMap":{"0":{"start":{"line":1,"column":28},"end":{"line":1,"column":54}},"1":{"start":{"line":23,"column":15},"end":{"line":23,"column":40}},"2":{"start":{"line":24,"column":2},"end":{"line":24,"column":62}},"3":{"start":{"line":24,"column":25},"end":{"line":24,"column":62}},"4":{"start":{"line":27,"column":15},"end":{"line":29,"column":3}},"5":{"start":{"line":28,"column":22},"end":{"line":28,"column":68}},"6":{"start":{"line":31,"column":2},"end":{"line":34,"column":4}},"7":{"start":{"line":38,"column":0},"end":{"line":38,"column":40}}},"fnMap":{"0":{"name":"sqlForPartialUpdate","decl":{"start":{"line":22,"column":9},"end":{"line":22,"column":28}},"loc":{"start":{"line":22,"column":52},"end":{"line":35,"column":1}},"line":22},"1":{"name":"(anonymous_1)","decl":{"start":{"line":28,"column":4},"end":{"line":28,"column":5}},"loc":{"start":{"line":28,"column":22},"end":{"line":28,"column":68}},"line":28}},"branchMap":{"0":{"loc":{"start":{"line":24,"column":2},"end":{"line":24,"column":62}},"type":"if","locations":[{"start":{"line":24,"column":2},"end":{"line":24,"column":62}},{"start":{},"end":{}}],"line":24},"1":{"loc":{"start":{"line":28,"column":26},"end":{"line":28,"column":53}},"type":"binary-expr","locations":[{"start":{"line":28,"column":26},"end":{"line":28,"column":42}},{"start":{"line":28,"column":46},"end":{"line":28,"column":53}}],"line":28}},"s":{"0":8,"1":20,"2":20,"3":3,"4":17,"5":36,"6":17,"7":8},"f":{"0":20,"1":36},"b":{"0":[3,17],"1":[36,21]},"_coverageSchema":"1a1c01bbd47fc00a2c39e90264f33305004495a9","hash":"2d19b55ef0a5209ffcb8799b8e6273d48db7b87d"}
,"/Users/Chalon/Rithm/express-jobly/helpers/tokens.js": {"path":"/Users/Chalon/Rithm/express-jobly/helpers/tokens.js","statementMap":{"0":{"start":{"line":1,"column":12},"end":{"line":1,"column":35}},"1":{"start":{"line":2,"column":23},"end":{"line":2,"column":43}},"2":{"start":{"line":7,"column":2},"end":{"line":8,"column":58}},"3":{"start":{"line":10,"column":16},"end":{"line":13,"column":3}},"4":{"start":{"line":15,"column":2},"end":{"line":15,"column":39}},"5":{"start":{"line":18,"column":0},"end":{"line":18,"column":33}}},"fnMap":{"0":{"name":"createToken","decl":{"start":{"line":6,"column":9},"end":{"line":6,"column":20}},"loc":{"start":{"line":6,"column":27},"end":{"line":16,"column":1}},"line":6}},"branchMap":{"0":{"loc":{"start":{"line":12,"column":13},"end":{"line":12,"column":34}},"type":"binary-expr","locations":[{"start":{"line":12,"column":13},"end":{"line":12,"column":25}},{"start":{"line":12,"column":29},"end":{"line":12,"column":34}}],"line":12}},"s":{"0":5,"1":5,"2":16,"3":16,"4":16,"5":5},"f":{"0":16},"b":{"0":[16,11]},"_coverageSchema":"1a1c01bbd47fc00a2c39e90264f33305004495a9","hash":"b49d0aa2512fa8b91de70347a6facffc8d15a76b"}
,"/Users/Chalon/Rithm/express-jobly/middleware/auth.js": {"path":"/Users/Chalon/Rithm/express-jobly/middleware/auth.js","statementMap":{"0":{"start":{"line":5,"column":12},"end":{"line":5,"column":35}},"1":{"start":{"line":6,"column":23},"end":{"line":6,"column":43}},"2":{"start":{"line":7,"column":30},"end":{"line":7,"column":56}},"3":{"start":{"line":18,"column":2},"end":{"line":27,"column":3}},"4":{"start":{"line":19,"column":23},"end":{"line":19,"column":63}},"5":{"start":{"line":20,"column":4},"end":{"line":23,"column":5}},"6":{"start":{"line":21,"column":20},"end":{"line":21,"column":64}},"7":{"start":{"line":22,"column":6},"end":{"line":22,"column":54}},"8":{"start":{"line":24,"column":4},"end":{"line":24,"column":18}},"9":{"start":{"line":26,"column":4},"end":{"line":26,"column":18}},"10":{"start":{"line":36,"column":2},"end":{"line":37,"column":53}},"11":{"start":{"line":37,"column":4},"end":{"line":37,"column":53}},"12":{"start":{"line":39,"column":2},"end":{"line":39,"column":16}},"13":{"start":{"line":48,"column":2},"end":{"line":48,"column":79}},"14":{"start":{"line":48,"column":33},"end":{"line":48,"column":79}},"15":{"start":{"line":50,"column":2},"end":{"line":50,"column":16}},"16":{"start":{"line":53,"column":15},"end":{"line":53,"column":30}},"17":{"start":{"line":57,"column":2},"end":{"line":59,"column":3}},"18":{"start":{"line":58,"column":4},"end":{"line":58,"column":50}},"19":{"start":{"line":60,"column":2},"end":{"line":60,"column":16}},"20":{"start":{"line":63,"column":0},"end":{"line":68,"column":2}}},"fnMap":{"0":{"name":"authenticateJWT","decl":{"start":{"line":17,"column":9},"end":{"line":17,"column":24}},"loc":{"start":{"line":17,"column":41},"end":{"line":28,"column":1}},"line":17},"1":{"name":"ensureLoggedIn","decl":{"start":{"line":35,"column":9},"end":{"line":35,"column":23}},"loc":{"start":{"line":35,"column":40},"end":{"line":40,"column":1}},"line":35},"2":{"name":"ensureAdmin","decl":{"start":{"line":47,"column":9},"end":{"line":47,"column":20}},"loc":{"start":{"line":47,"column":37},"end":{"line":51,"column":1}},"line":47},"3":{"name":"ensureSelfOrAdmin","decl":{"start":{"line":52,"column":9},"end":{"line":52,"column":26}},"loc":{"start":{"line":52,"column":43},"end":{"line":61,"column":1}},"line":52}},"branchMap":{"0":{"loc":{"start":{"line":19,"column":23},"end":{"line":19,"column":63}},"type":"binary-expr","locations":[{"start":{"line":19,"column":23},"end":{"line":19,"column":34}},{"start":{"line":19,"column":38},"end":{"line":19,"column":63}}],"line":19},"1":{"loc":{"start":{"line":20,"column":4},"end":{"line":23,"column":5}},"type":"if","locations":[{"start":{"line":20,"column":4},"end":{"line":23,"column":5}},{"start":{},"end":{}}],"line":20},"2":{"loc":{"start":{"line":36,"column":2},"end":{"line":37,"column":53}},"type":"if","locations":[{"start":{"line":36,"column":2},"end":{"line":37,"column":53}},{"start":{},"end":{}}],"line":36},"3":{"loc":{"start":{"line":48,"column":2},"end":{"line":48,"column":79}},"type":"if","locations":[{"start":{"line":48,"column":2},"end":{"line":48,"column":79}},{"start":{},"end":{}}],"line":48},"4":{"loc":{"start":{"line":57,"column":2},"end":{"line":59,"column":3}},"type":"if","locations":[{"start":{"line":57,"column":2},"end":{"line":59,"column":3}},{"start":{},"end":{}}],"line":57},"5":{"loc":{"start":{"line":57,"column":6},"end":{"line":57,"column":60}},"type":"binary-expr","locations":[{"start":{"line":57,"column":6},"end":{"line":57,"column":19}},{"start":{"line":57,"column":23},"end":{"line":57,"column":60}}],"line":57}},"s":{"0":5,"1":5,"2":5,"3":68,"4":68,"5":68,"6":38,"7":38,"8":67,"9":1,"10":45,"11":9,"12":36,"13":21,"14":5,"15":16,"16":19,"17":19,"18":3,"19":14,"20":5},"f":{"0":68,"1":45,"2":21,"3":19},"b":{"0":[68,67],"1":[38,30],"2":[9,36],"3":[5,16],"4":[3,14],"5":[19,9]},"_coverageSchema":"1a1c01bbd47fc00a2c39e90264f33305004495a9","hash":"4da73f7f0a0d50cb609d8c98788116531c2de166"}
,"/Users/Chalon/Rithm/express-jobly/models/_testCommon.js": {"path":"/Users/Chalon/Rithm/express-jobly/models/_testCommon.js","statementMap":{"0":{"start":{"line":1,"column":15},"end":{"line":1,"column":32}},"1":{"start":{"line":3,"column":11},"end":{"line":3,"column":30}},"2":{"start":{"line":4,"column":31},"end":{"line":4,"column":51}},"3":{"start":{"line":8,"column":2},"end":{"line":8,"column":42}},"4":{"start":{"line":10,"column":2},"end":{"line":10,"column":38}},"5":{"start":{"line":12,"column":2},"end":{"line":12,"column":37}},"6":{"start":{"line":14,"column":2},"end":{"line":18,"column":55}},"7":{"start":{"line":20,"column":2},"end":{"line":24,"column":39}},"8":{"start":{"line":26,"column":2},"end":{"line":38,"column":7}},"9":{"start":{"line":42,"column":4},"end":{"line":42,"column":28}},"10":{"start":{"line":46,"column":4},"end":{"line":46,"column":31}},"11":{"start":{"line":50,"column":4},"end":{"line":50,"column":19}},"12":{"start":{"line":54,"column":0},"end":{"line":59,"column":2}}},"fnMap":{"0":{"name":"commonBeforeAll","decl":{"start":{"line":6,"column":15},"end":{"line":6,"column":30}},"loc":{"start":{"line":6,"column":33},"end":{"line":39,"column":3}},"line":6},"1":{"name":"commonBeforeEach","decl":{"start":{"line":41,"column":17},"end":{"line":41,"column":33}},"loc":{"start":{"line":41,"column":36},"end":{"line":43,"column":3}},"line":41},"2":{"name":"commonAfterEach","decl":{"start":{"line":45,"column":17},"end":{"line":45,"column":32}},"loc":{"start":{"line":45,"column":35},"end":{"line":47,"column":3}},"line":45},"3":{"name":"commonAfterAll","decl":{"start":{"line":49,"column":17},"end":{"line":49,"column":31}},"loc":{"start":{"line":49,"column":34},"end":{"line":51,"column":3}},"line":49}},"branchMap":{},"s":{"0":3,"1":3,"2":3,"3":3,"4":3,"5":3,"6":3,"7":3,"8":3,"9":43,"10":43,"11":3,"12":3},"f":{"0":3,"1":43,"2":43,"3":3},"b":{},"_coverageSchema":"1a1c01bbd47fc00a2c39e90264f33305004495a9","hash":"8fb22cdf9985ffec2ee1b14ddf84e132fa906ef4"}
,"/Users/Chalon/Rithm/express-jobly/models/company.js": {"path":"/Users/Chalon/Rithm/express-jobly/models/company.js","statementMap":{"0":{"start":{"line":3,"column":11},"end":{"line":3,"column":27}},"1":{"start":{"line":4,"column":43},"end":{"line":4,"column":69}},"2":{"start":{"line":5,"column":32},"end":{"line":5,"column":57}},"3":{"start":{"line":28,"column":17},"end":{"line":28,"column":42}},"4":{"start":{"line":30,"column":23},"end":{"line":34,"column":5}},"5":{"start":{"line":39,"column":28},"end":{"line":46,"column":6}},"6":{"start":{"line":40,"column":6},"end":{"line":45,"column":7}},"7":{"start":{"line":42,"column":8},"end":{"line":42,"column":63}},"8":{"start":{"line":44,"column":8},"end":{"line":44,"column":57}},"9":{"start":{"line":48,"column":19},"end":{"line":53,"column":6}},"10":{"start":{"line":49,"column":6},"end":{"line":51,"column":7}},"11":{"start":{"line":50,"column":8},"end":{"line":50,"column":53}},"12":{"start":{"line":52,"column":6},"end":{"line":52,"column":31}},"13":{"start":{"line":55,"column":4},"end":{"line":58,"column":6}},"14":{"start":{"line":71,"column":27},"end":{"line":76,"column":5}},"15":{"start":{"line":78,"column":4},"end":{"line":79,"column":64}},"16":{"start":{"line":79,"column":6},"end":{"line":79,"column":64}},"17":{"start":{"line":81,"column":19},"end":{"line":92,"column":5}},"18":{"start":{"line":93,"column":20},"end":{"line":93,"column":34}},"19":{"start":{"line":95,"column":4},"end":{"line":95,"column":19}},"20":{"start":{"line":113,"column":39},"end":{"line":113,"column":73}},"21":{"start":{"line":115,"column":25},"end":{"line":125,"column":5}},"22":{"start":{"line":126,"column":4},"end":{"line":126,"column":29}},"23":{"start":{"line":138,"column":23},"end":{"line":147,"column":5}},"24":{"start":{"line":149,"column":20},"end":{"line":149,"column":38}},"25":{"start":{"line":151,"column":4},"end":{"line":151,"column":67}},"26":{"start":{"line":151,"column":18},"end":{"line":151,"column":67}},"27":{"start":{"line":153,"column":4},"end":{"line":153,"column":19}},"28":{"start":{"line":169,"column":32},"end":{"line":172,"column":6}},"29":{"start":{"line":174,"column":25},"end":{"line":174,"column":50}},"30":{"start":{"line":176,"column":21},"end":{"line":180,"column":100}},"31":{"start":{"line":181,"column":19},"end":{"line":181,"column":64}},"32":{"start":{"line":182,"column":20},"end":{"line":182,"column":34}},"33":{"start":{"line":184,"column":4},"end":{"line":184,"column":67}},"34":{"start":{"line":184,"column":18},"end":{"line":184,"column":67}},"35":{"start":{"line":186,"column":4},"end":{"line":186,"column":19}},"36":{"start":{"line":195,"column":19},"end":{"line":201,"column":5}},"37":{"start":{"line":202,"column":20},"end":{"line":202,"column":34}},"38":{"start":{"line":204,"column":4},"end":{"line":204,"column":67}},"39":{"start":{"line":204,"column":18},"end":{"line":204,"column":67}},"40":{"start":{"line":208,"column":0},"end":{"line":208,"column":25}}},"fnMap":{"0":{"name":"(anonymous_0)","decl":{"start":{"line":27,"column":2},"end":{"line":27,"column":3}},"loc":{"start":{"line":27,"column":37},"end":{"line":59,"column":3}},"line":27},"1":{"name":"(anonymous_1)","decl":{"start":{"line":39,"column":37},"end":{"line":39,"column":38}},"loc":{"start":{"line":39,"column":59},"end":{"line":46,"column":5}},"line":39},"2":{"name":"(anonymous_2)","decl":{"start":{"line":48,"column":49},"end":{"line":48,"column":50}},"loc":{"start":{"line":48,"column":58},"end":{"line":53,"column":5}},"line":48},"3":{"name":"(anonymous_3)","decl":{"start":{"line":70,"column":2},"end":{"line":70,"column":3}},"loc":{"start":{"line":70,"column":76},"end":{"line":96,"column":3}},"line":70},"4":{"name":"(anonymous_4)","decl":{"start":{"line":111,"column":2},"end":{"line":111,"column":3}},"loc":{"start":{"line":111,"column":41},"end":{"line":127,"column":3}},"line":111},"5":{"name":"(anonymous_5)","decl":{"start":{"line":137,"column":2},"end":{"line":137,"column":3}},"loc":{"start":{"line":137,"column":27},"end":{"line":154,"column":3}},"line":137},"6":{"name":"(anonymous_6)","decl":{"start":{"line":168,"column":2},"end":{"line":168,"column":3}},"loc":{"start":{"line":168,"column":36},"end":{"line":187,"column":3}},"line":168},"7":{"name":"(anonymous_7)","decl":{"start":{"line":194,"column":2},"end":{"line":194,"column":3}},"loc":{"start":{"line":194,"column":30},"end":{"line":205,"column":3}},"line":194}},"branchMap":{"0":{"loc":{"start":{"line":40,"column":6},"end":{"line":45,"column":7}},"type":"if","locations":[{"start":{"line":40,"column":6},"end":{"line":45,"column":7}},{"start":{"line":43,"column":13},"end":{"line":45,"column":7}}],"line":40},"1":{"loc":{"start":{"line":49,"column":6},"end":{"line":51,"column":7}},"type":"if","locations":[{"start":{"line":49,"column":6},"end":{"line":51,"column":7}},{"start":{},"end":{}}],"line":49},"2":{"loc":{"start":{"line":78,"column":4},"end":{"line":79,"column":64}},"type":"if","locations":[{"start":{"line":78,"column":4},"end":{"line":79,"column":64}},{"start":{},"end":{}}],"line":78},"3":{"loc":{"start":{"line":111,"column":23},"end":{"line":111,"column":39}},"type":"default-arg","locations":[{"start":{"line":111,"column":37},"end":{"line":111,"column":39}}],"line":111},"4":{"loc":{"start":{"line":151,"column":4},"end":{"line":151,"column":67}},"type":"if","locations":[{"start":{"line":151,"column":4},"end":{"line":151,"column":67}},{"start":{},"end":{}}],"line":151},"5":{"loc":{"start":{"line":184,"column":4},"end":{"line":184,"column":67}},"type":"if","locations":[{"start":{"line":184,"column":4},"end":{"line":184,"column":67}},{"start":{},"end":{}}],"line":184},"6":{"loc":{"start":{"line":204,"column":4},"end":{"line":204,"column":67}},"type":"if","locations":[{"start":{"line":204,"column":4},"end":{"line":204,"column":67}},{"start":{},"end":{}}],"line":204}},"s":{"0":5,"1":5,"2":5,"3":8,"4":8,"5":8,"6":9,"7":5,"8":4,"9":8,"10":9,"11":3,"12":9,"13":8,"14":25,"15":25,"16":1,"17":24,"18":24,"19":24,"20":7,"21":7,"22":6,"23":7,"24":7,"25":7,"26":4,"27":3,"28":6,"29":5,"30":5,"31":5,"32":5,"33":5,"34":2,"35":3,"36":4,"37":4,"38":4,"39":2,"40":5},"f":{"0":8,"1":9,"2":9,"3":25,"4":7,"5":7,"6":6,"7":4},"b":{"0":[5,4],"1":[3,6],"2":[1,24],"3":[3],"4":[4,3],"5":[2,3],"6":[2,2]},"_coverageSchema":"1a1c01bbd47fc00a2c39e90264f33305004495a9","hash":"22f914a03bd4ef6d37e563a2ffc830523fdd0daa"}
,"/Users/Chalon/Rithm/express-jobly/models/job.js": {"path":"/Users/Chalon/Rithm/express-jobly/models/job.js","statementMap":{"0":{"start":{"line":3,"column":11},"end":{"line":3,"column":27}},"1":{"start":{"line":4,"column":43},"end":{"line":4,"column":69}},"2":{"start":{"line":5,"column":32},"end":{"line":5,"column":57}},"3":{"start":{"line":13,"column":17},"end":{"line":13,"column":42}},"4":{"start":{"line":15,"column":23},"end":{"line":19,"column":5}},"5":{"start":{"line":21,"column":28},"end":{"line":31,"column":39}},"6":{"start":{"line":22,"column":6},"end":{"line":30,"column":7}},"7":{"start":{"line":24,"column":8},"end":{"line":24,"column":63}},"8":{"start":{"line":26,"column":13},"end":{"line":30,"column":7}},"9":{"start":{"line":27,"column":8},"end":{"line":27,"column":19}},"10":{"start":{"line":29,"column":8},"end":{"line":29,"column":57}},"11":{"start":{"line":31,"column":24},"end":{"line":31,"column":38}},"12":{"start":{"line":34,"column":19},"end":{"line":42,"column":6}},"13":{"start":{"line":35,"column":6},"end":{"line":39,"column":7}},"14":{"start":{"line":36,"column":8},"end":{"line":36,"column":53}},"15":{"start":{"line":37,"column":13},"end":{"line":39,"column":7}},"16":{"start":{"line":38,"column":8},"end":{"line":38,"column":30}},"17":{"start":{"line":41,"column":6},"end":{"line":41,"column":31}},"18":{"start":{"line":44,"column":4},"end":{"line":47,"column":6}},"19":{"start":{"line":60,"column":19},"end":{"line":70,"column":5}},"20":{"start":{"line":71,"column":16},"end":{"line":71,"column":30}},"21":{"start":{"line":73,"column":4},"end":{"line":73,"column":15}},"22":{"start":{"line":83,"column":39},"end":{"line":83,"column":69}},"23":{"start":{"line":85,"column":20},"end":{"line":94,"column":5}},"24":{"start":{"line":95,"column":4},"end":{"line":95,"column":24}},"25":{"start":{"line":106,"column":19},"end":{"line":114,"column":5}},"26":{"start":{"line":116,"column":16},"end":{"line":116,"column":30}},"27":{"start":{"line":118,"column":4},"end":{"line":118,"column":55}},"28":{"start":{"line":118,"column":14},"end":{"line":118,"column":55}},"29":{"start":{"line":120,"column":4},"end":{"line":120,"column":15}},"30":{"start":{"line":136,"column":4},"end":{"line":142,"column":5}},"31":{"start":{"line":138,"column":6},"end":{"line":138,"column":24}},"32":{"start":{"line":139,"column":6},"end":{"line":139,"column":18}},"33":{"start":{"line":141,"column":8},"end":{"line":141,"column":55}},"34":{"start":{"line":143,"column":32},"end":{"line":145,"column":6}},"35":{"start":{"line":147,"column":21},"end":{"line":147,"column":46}},"36":{"start":{"line":149,"column":21},"end":{"line":153,"column":79}},"37":{"start":{"line":154,"column":19},"end":{"line":154,"column":60}},"38":{"start":{"line":155,"column":16},"end":{"line":155,"column":30}},"39":{"start":{"line":158,"column":4},"end":{"line":158,"column":55}},"40":{"start":{"line":158,"column":14},"end":{"line":158,"column":55}},"41":{"start":{"line":160,"column":4},"end":{"line":160,"column":15}},"42":{"start":{"line":169,"column":19},"end":{"line":175,"column":5}},"43":{"start":{"line":176,"column":16},"end":{"line":176,"column":30}},"44":{"start":{"line":178,"column":4},"end":{"line":178,"column":55}},"45":{"start":{"line":178,"column":14},"end":{"line":178,"column":55}},"46":{"start":{"line":182,"column":0},"end":{"line":182,"column":21}}},"fnMap":{"0":{"name":"(anonymous_0)","decl":{"start":{"line":12,"column":2},"end":{"line":12,"column":3}},"loc":{"start":{"line":12,"column":37},"end":{"line":48,"column":3}},"line":12},"1":{"name":"(anonymous_1)","decl":{"start":{"line":21,"column":37},"end":{"line":21,"column":38}},"loc":{"start":{"line":21,"column":59},"end":{"line":31,"column":5}},"line":21},"2":{"name":"(anonymous_2)","decl":{"start":{"line":31,"column":15},"end":{"line":31,"column":16}},"loc":{"start":{"line":31,"column":24},"end":{"line":31,"column":38}},"line":31},"3":{"name":"(anonymous_3)","decl":{"start":{"line":34,"column":49},"end":{"line":34,"column":50}},"loc":{"start":{"line":34,"column":58},"end":{"line":42,"column":5}},"line":34},"4":{"name":"(anonymous_4)","decl":{"start":{"line":59,"column":2},"end":{"line":59,"column":3}},"loc":{"start":{"line":59,"column":64},"end":{"line":74,"column":3}},"line":59},"5":{"name":"(anonymous_5)","decl":{"start":{"line":82,"column":2},"end":{"line":82,"column":3}},"loc":{"start":{"line":82,"column":39},"end":{"line":96,"column":3}},"line":82},"6":{"name":"(anonymous_6)","decl":{"start":{"line":105,"column":2},"end":{"line":105,"column":3}},"loc":{"start":{"line":105,"column":23},"end":{"line":121,"column":3}},"line":105},"7":{"name":"(anonymous_7)","decl":{"start":{"line":135,"column":2},"end":{"line":135,"column":3}},"loc":{"start":{"line":135,"column":32},"end":{"line":161,"column":3}},"line":135},"8":{"name":"(anonymous_8)","decl":{"start":{"line":168,"column":2},"end":{"line":168,"column":3}},"loc":{"start":{"line":168,"column":26},"end":{"line":179,"column":3}},"line":168}},"branchMap":{"0":{"loc":{"start":{"line":22,"column":6},"end":{"line":30,"column":7}},"type":"if","locations":[{"start":{"line":22,"column":6},"end":{"line":30,"column":7}},{"start":{"line":26,"column":13},"end":{"line":30,"column":7}}],"line":22},"1":{"loc":{"start":{"line":26,"column":13},"end":{"line":30,"column":7}},"type":"if","locations":[{"start":{"line":26,"column":13},"end":{"line":30,"column":7}},{"start":{"line":28,"column":13},"end":{"line":30,"column":7}}],"line":26},"2":{"loc":{"start":{"line":26,"column":17},"end":{"line":26,"column":84}},"type":"binary-expr","locations":[{"start":{"line":26,"column":17},"end":{"line":26,"column":54}},{"start":{"line":26,"column":58},"end":{"line":26,"column":84}}],"line":26},"3":{"loc":{"start":{"line":35,"column":6},"end":{"line":39,"column":7}},"type":"if","locations":[{"start":{"line":35,"column":6},"end":{"line":39,"column":7}},{"start":{"line":37,"column":13},"end":{"line":39,"column":7}}],"line":35},"4":{"loc":{"start":{"line":37,"column":13},"end":{"line":39,"column":7}},"type":"if","locations":[{"start":{"line":37,"column":13},"end":{"line":39,"column":7}},{"start":{},"end":{}}],"line":37},"5":{"loc":{"start":{"line":82,"column":23},"end":{"line":82,"column":37}},"type":"default-arg","locations":[{"start":{"line":82,"column":35},"end":{"line":82,"column":37}}],"line":82},"6":{"loc":{"start":{"line":118,"column":4},"end":{"line":118,"column":55}},"type":"if","locations":[{"start":{"line":118,"column":4},"end":{"line":118,"column":55}},{"start":{},"end":{}}],"line":118},"7":{"loc":{"start":{"line":158,"column":4},"end":{"line":158,"column":55}},"type":"if","locations":[{"start":{"line":158,"column":4},"end":{"line":158,"column":55}},{"start":{},"end":{}}],"line":158},"8":{"loc":{"start":{"line":178,"column":4},"end":{"line":178,"column":55}},"type":"if","locations":[{"start":{"line":178,"column":4},"end":{"line":178,"column":55}},{"start":{},"end":{}}],"line":178}},"s":{"0":1,"1":1,"2":1,"3":4,"4":4,"5":4,"6":5,"7":3,"8":2,"9":0,"10":2,"11":5,"12":4,"13":5,"14":2,"15":3,"16":2,"17":5,"18":4,"19":1,"20":1,"21":1,"22":3,"23":3,"24":3,"25":6,"26":5,"27":5,"28":1,"29":4,"30":4,"31":4,"32":3,"33":1,"34":3,"35":2,"36":2,"37":2,"38":2,"39":2,"40":0,"41":2,"42":2,"43":2,"44":2,"45":1,"46":1},"f":{"0":4,"1":5,"2":5,"3":5,"4":1,"5":3,"6":6,"7":4,"8":2},"b":{"0":[3,2],"1":[0,2],"2":[2,2],"3":[2,3],"4":[2,1],"5":[1],"6":[1,4],"7":[0,2],"8":[1,1]},"_coverageSchema":"1a1c01bbd47fc00a2c39e90264f33305004495a9","hash":"a6affed00c4b9646186898c3fe745c081ee19560"}
,"/Users/Chalon/Rithm/express-jobly/models/user.js": {"path":"/Users/Chalon/Rithm/express-jobly/models/user.js","statementMap":{"0":{"start":{"line":3,"column":11},"end":{"line":3,"column":27}},"1":{"start":{"line":4,"column":15},"end":{"line":4,"column":32}},"2":{"start":{"line":5,"column":32},"end":{"line":5,"column":57}},"3":{"start":{"line":10,"column":4},"end":{"line":10,"column":30}},"4":{"start":{"line":12,"column":31},"end":{"line":12,"column":54}},"5":{"start":{"line":26,"column":19},"end":{"line":36,"column":5}},"6":{"start":{"line":38,"column":17},"end":{"line":38,"column":31}},"7":{"start":{"line":40,"column":4},"end":{"line":47,"column":5}},"8":{"start":{"line":42,"column":22},"end":{"line":42,"column":67}},"9":{"start":{"line":43,"column":6},"end":{"line":46,"column":7}},"10":{"start":{"line":44,"column":8},"end":{"line":44,"column":29}},"11":{"start":{"line":45,"column":8},"end":{"line":45,"column":20}},"12":{"start":{"line":49,"column":4},"end":{"line":49,"column":61}},"13":{"start":{"line":61,"column":27},"end":{"line":66,"column":5}},"14":{"start":{"line":68,"column":4},"end":{"line":70,"column":5}},"15":{"start":{"line":69,"column":6},"end":{"line":69,"column":67}},"16":{"start":{"line":72,"column":27},"end":{"line":72,"column":74}},"17":{"start":{"line":74,"column":19},"end":{"line":92,"column":5}},"18":{"start":{"line":94,"column":17},"end":{"line":94,"column":31}},"19":{"start":{"line":96,"column":4},"end":{"line":96,"column":16}},"20":{"start":{"line":105,"column":19},"end":{"line":113,"column":5}},"21":{"start":{"line":115,"column":4},"end":{"line":115,"column":23}},"22":{"start":{"line":127,"column":20},"end":{"line":136,"column":5}},"23":{"start":{"line":138,"column":17},"end":{"line":138,"column":32}},"24":{"start":{"line":140,"column":4},"end":{"line":140,"column":63}},"25":{"start":{"line":140,"column":15},"end":{"line":140,"column":63}},"26":{"start":{"line":142,"column":4},"end":{"line":142,"column":16}},"27":{"start":{"line":163,"column":4},"end":{"line":165,"column":5}},"28":{"start":{"line":164,"column":6},"end":{"line":164,"column":75}},"29":{"start":{"line":167,"column":32},"end":{"line":173,"column":10}},"30":{"start":{"line":174,"column":27},"end":{"line":174,"column":52}},"31":{"start":{"line":176,"column":21},"end":{"line":183,"column":54}},"32":{"start":{"line":184,"column":19},"end":{"line":184,"column":66}},"33":{"start":{"line":185,"column":17},"end":{"line":185,"column":31}},"34":{"start":{"line":187,"column":4},"end":{"line":187,"column":63}},"35":{"start":{"line":187,"column":15},"end":{"line":187,"column":63}},"36":{"start":{"line":189,"column":4},"end":{"line":189,"column":25}},"37":{"start":{"line":190,"column":4},"end":{"line":190,"column":16}},"38":{"start":{"line":196,"column":17},"end":{"line":202,"column":5}},"39":{"start":{"line":203,"column":17},"end":{"line":203,"column":31}},"40":{"start":{"line":205,"column":4},"end":{"line":205,"column":63}},"41":{"start":{"line":205,"column":15},"end":{"line":205,"column":63}},"42":{"start":{"line":210,"column":0},"end":{"line":210,"column":22}}},"fnMap":{"0":{"name":"(anonymous_0)","decl":{"start":{"line":24,"column":2},"end":{"line":24,"column":3}},"loc":{"start":{"line":24,"column":48},"end":{"line":50,"column":3}},"line":24},"1":{"name":"(anonymous_1)","decl":{"start":{"line":59,"column":2},"end":{"line":59,"column":3}},"loc":{"start":{"line":60,"column":67},"end":{"line":97,"column":3}},"line":60},"2":{"name":"(anonymous_2)","decl":{"start":{"line":104,"column":2},"end":{"line":104,"column":3}},"loc":{"start":{"line":104,"column":25},"end":{"line":116,"column":3}},"line":104},"3":{"name":"(anonymous_3)","decl":{"start":{"line":126,"column":2},"end":{"line":126,"column":3}},"loc":{"start":{"line":126,"column":29},"end":{"line":143,"column":3}},"line":126},"4":{"name":"(anonymous_4)","decl":{"start":{"line":162,"column":2},"end":{"line":162,"column":3}},"loc":{"start":{"line":162,"column":38},"end":{"line":191,"column":3}},"line":162},"5":{"name":"(anonymous_5)","decl":{"start":{"line":195,"column":2},"end":{"line":195,"column":3}},"loc":{"start":{"line":195,"column":32},"end":{"line":206,"column":3}},"line":195}},"branchMap":{"0":{"loc":{"start":{"line":40,"column":4},"end":{"line":47,"column":5}},"type":"if","locations":[{"start":{"line":40,"column":4},"end":{"line":47,"column":5}},{"start":{},"end":{}}],"line":40},"1":{"loc":{"start":{"line":43,"column":6},"end":{"line":46,"column":7}},"type":"if","locations":[{"start":{"line":43,"column":6},"end":{"line":46,"column":7}},{"start":{},"end":{}}],"line":43},"2":{"loc":{"start":{"line":68,"column":4},"end":{"line":70,"column":5}},"type":"if","locations":[{"start":{"line":68,"column":4},"end":{"line":70,"column":5}},{"start":{},"end":{}}],"line":68},"3":{"loc":{"start":{"line":140,"column":4},"end":{"line":140,"column":63}},"type":"if","locations":[{"start":{"line":140,"column":4},"end":{"line":140,"column":63}},{"start":{},"end":{}}],"line":140},"4":{"loc":{"start":{"line":163,"column":4},"end":{"line":165,"column":5}},"type":"if","locations":[{"start":{"line":163,"column":4},"end":{"line":165,"column":5}},{"start":{},"end":{}}],"line":163},"5":{"loc":{"start":{"line":187,"column":4},"end":{"line":187,"column":63}},"type":"if","locations":[{"start":{"line":187,"column":4},"end":{"line":187,"column":63}},{"start":{},"end":{}}],"line":187},"6":{"loc":{"start":{"line":205,"column":4},"end":{"line":205,"column":63}},"type":"if","locations":[{"start":{"line":205,"column":4},"end":{"line":205,"column":63}},{"start":{},"end":{}}],"line":205}},"s":{"0":5,"1":5,"2":5,"3":5,"4":5,"5":7,"6":7,"7":7,"8":4,"9":4,"10":3,"11":3,"12":4,"13":19,"14":19,"15":1,"16":18,"17":18,"18":18,"19":18,"20":3,"21":2,"22":5,"23":5,"24":5,"25":2,"26":3,"27":10,"28":4,"29":10,"30":9,"31":9,"32":9,"33":9,"34":9,"35":2,"36":7,"37":7,"38":5,"39":5,"40":5,"41":2,"42":5},"f":{"0":7,"1":19,"2":3,"3":5,"4":10,"5":5},"b":{"0":[4,3],"1":[3,1],"2":[1,18],"3":[2,3],"4":[4,6],"5":[2,7],"6":[2,3]},"_coverageSchema":"1a1c01bbd47fc00a2c39e90264f33305004495a9","hash":"f293abae4204322874ddcf7ae924c99fc57df60e"}
,"/Users/Chalon/Rithm/express-jobly/routes/_testCommon.js": {"path":"/Users/Chalon/Rithm/express-jobly/routes/_testCommon.js","statementMap":{"0":{"start":{"line":3,"column":11},"end":{"line":3,"column":30}},"1":{"start":{"line":4,"column":13},"end":{"line":4,"column":38}},"2":{"start":{"line":5,"column":16},"end":{"line":5,"column":44}},"3":{"start":{"line":6,"column":24},"end":{"line":6,"column":52}},"4":{"start":{"line":10,"column":2},"end":{"line":10,"column":38}},"5":{"start":{"line":12,"column":2},"end":{"line":12,"column":42}},"6":{"start":{"line":14,"column":2},"end":{"line":20,"column":5}},"7":{"start":{"line":21,"column":2},"end":{"line":27,"column":5}},"8":{"start":{"line":28,"column":2},"end":{"line":34,"column":5}},"9":{"start":{"line":35,"column":2},"end":{"line":41,"column":5}},"10":{"start":{"line":43,"column":2},"end":{"line":49,"column":5}},"11":{"start":{"line":51,"column":2},"end":{"line":57,"column":5}},"12":{"start":{"line":58,"column":2},"end":{"line":64,"column":5}},"13":{"start":{"line":66,"column":2},"end":{"line":73,"column":5}},"14":{"start":{"line":74,"column":2},"end":{"line":81,"column":5}},"15":{"start":{"line":82,"column":2},"end":{"line":89,"column":5}},"16":{"start":{"line":90,"column":2},"end":{"line":97,"column":5}},"17":{"start":{"line":101,"column":2},"end":{"line":101,"column":26}},"18":{"start":{"line":105,"column":2},"end":{"line":105,"column":29}},"19":{"start":{"line":109,"column":2},"end":{"line":109,"column":17}},"20":{"start":{"line":112,"column":16},"end":{"line":112,"column":63}},"21":{"start":{"line":113,"column":16},"end":{"line":113,"column":63}},"22":{"start":{"line":114,"column":19},"end":{"line":114,"column":68}},"23":{"start":{"line":116,"column":0},"end":{"line":124,"column":2}}},"fnMap":{"0":{"name":"commonBeforeAll","decl":{"start":{"line":8,"column":15},"end":{"line":8,"column":30}},"loc":{"start":{"line":8,"column":33},"end":{"line":98,"column":1}},"line":8},"1":{"name":"commonBeforeEach","decl":{"start":{"line":100,"column":15},"end":{"line":100,"column":31}},"loc":{"start":{"line":100,"column":34},"end":{"line":102,"column":1}},"line":100},"2":{"name":"commonAfterEach","decl":{"start":{"line":104,"column":15},"end":{"line":104,"column":30}},"loc":{"start":{"line":104,"column":33},"end":{"line":106,"column":1}},"line":104},"3":{"name":"commonAfterAll","decl":{"start":{"line":108,"column":15},"end":{"line":108,"column":29}},"loc":{"start":{"line":108,"column":32},"end":{"line":110,"column":1}},"line":108}},"branchMap":{},"s":{"0":3,"1":3,"2":3,"3":3,"4":3,"5":3,"6":3,"7":3,"8":3,"9":3,"10":3,"11":3,"12":3,"13":3,"14":3,"15":3,"16":3,"17":63,"18":63,"19":3,"20":3,"21":3,"22":3,"23":3},"f":{"0":3,"1":63,"2":63,"3":3},"b":{},"_coverageSchema":"1a1c01bbd47fc00a2c39e90264f33305004495a9","hash":"3fbf3db76863abfafabe8d9539cb13aafc30f0ba"}
,"/Users/Chalon/Rithm/express-jobly/routes/auth.js": {"path":"/Users/Chalon/Rithm/express-jobly/routes/auth.js","statementMap":{"0":{"start":{"line":5,"column":19},"end":{"line":5,"column":40}},"1":{"start":{"line":7,"column":13},"end":{"line":7,"column":38}},"2":{"start":{"line":8,"column":16},"end":{"line":8,"column":34}},"3":{"start":{"line":9,"column":15},"end":{"line":9,"column":35}},"4":{"start":{"line":10,"column":24},"end":{"line":10,"column":52}},"5":{"start":{"line":11,"column":23},"end":{"line":11,"column":58}},"6":{"start":{"line":12,"column":27},"end":{"line":12,"column":66}},"7":{"start":{"line":13,"column":28},"end":{"line":13,"column":54}},"8":{"start":{"line":22,"column":0},"end":{"line":37,"column":3}},"9":{"start":{"line":23,"column":20},"end":{"line":27,"column":3}},"10":{"start":{"line":28,"column":2},"end":{"line":31,"column":3}},"11":{"start":{"line":29,"column":17},"end":{"line":29,"column":51}},"12":{"start":{"line":29,"column":43},"end":{"line":29,"column":50}},"13":{"start":{"line":30,"column":4},"end":{"line":30,"column":36}},"14":{"start":{"line":33,"column":33},"end":{"line":33,"column":41}},"15":{"start":{"line":34,"column":15},"end":{"line":34,"column":58}},"16":{"start":{"line":35,"column":16},"end":{"line":35,"column":33}},"17":{"start":{"line":36,"column":2},"end":{"line":36,"column":29}},"18":{"start":{"line":49,"column":0},"end":{"line":63,"column":3}},"19":{"start":{"line":50,"column":20},"end":{"line":54,"column":3}},"20":{"start":{"line":55,"column":2},"end":{"line":58,"column":3}},"21":{"start":{"line":56,"column":17},"end":{"line":56,"column":51}},"22":{"start":{"line":56,"column":43},"end":{"line":56,"column":50}},"23":{"start":{"line":57,"column":4},"end":{"line":57,"column":36}},"24":{"start":{"line":60,"column":18},"end":{"line":60,"column":70}},"25":{"start":{"line":61,"column":16},"end":{"line":61,"column":36}},"26":{"start":{"line":62,"column":2},"end":{"line":62,"column":41}},"27":{"start":{"line":66,"column":0},"end":{"line":66,"column":24}}},"fnMap":{"0":{"name":"(anonymous_0)","decl":{"start":{"line":22,"column":22},"end":{"line":22,"column":23}},"loc":{"start":{"line":22,"column":54},"end":{"line":37,"column":1}},"line":22},"1":{"name":"(anonymous_1)","decl":{"start":{"line":29,"column":38},"end":{"line":29,"column":39}},"loc":{"start":{"line":29,"column":43},"end":{"line":29,"column":50}},"line":29},"2":{"name":"(anonymous_2)","decl":{"start":{"line":49,"column":25},"end":{"line":49,"column":26}},"loc":{"start":{"line":49,"column":57},"end":{"line":63,"column":1}},"line":49},"3":{"name":"(anonymous_3)","decl":{"start":{"line":56,"column":38},"end":{"line":56,"column":39}},"loc":{"start":{"line":56,"column":43},"end":{"line":56,"column":50}},"line":56}},"branchMap":{"0":{"loc":{"start":{"line":28,"column":2},"end":{"line":31,"column":3}},"type":"if","locations":[{"start":{"line":28,"column":2},"end":{"line":31,"column":3}},{"start":{},"end":{}}],"line":28},"1":{"loc":{"start":{"line":55,"column":2},"end":{"line":58,"column":3}},"type":"if","locations":[{"start":{"line":55,"column":2},"end":{"line":58,"column":3}},{"start":{},"end":{}}],"line":55}},"s":{"0":4,"1":4,"2":4,"3":4,"4":4,"5":4,"6":4,"7":4,"8":4,"9":5,"10":5,"11":2,"12":2,"13":2,"14":3,"15":3,"16":1,"17":1,"18":4,"19":3,"20":3,"21":2,"22":5,"23":2,"24":1,"25":1,"26":1,"27":4},"f":{"0":5,"1":2,"2":3,"3":5},"b":{"0":[2,3],"1":[2,1]},"_coverageSchema":"1a1c01bbd47fc00a2c39e90264f33305004495a9","hash":"47efa8365f4b829fe9efb1627e2c567b608bbfc4"}
,"/Users/Chalon/Rithm/express-jobly/routes/companies.js": {"path":"/Users/Chalon/Rithm/express-jobly/routes/companies.js","statementMap":{"0":{"start":{"line":5,"column":19},"end":{"line":5,"column":40}},"1":{"start":{"line":6,"column":16},"end":{"line":6,"column":34}},"2":{"start":{"line":8,"column":43},"end":{"line":8,"column":69}},"3":{"start":{"line":9,"column":40},"end":{"line":9,"column":69}},"4":{"start":{"line":10,"column":16},"end":{"line":10,"column":44}},"5":{"start":{"line":12,"column":25},"end":{"line":12,"column":62}},"6":{"start":{"line":13,"column":28},"end":{"line":13,"column":68}},"7":{"start":{"line":14,"column":24},"end":{"line":14,"column":66}},"8":{"start":{"line":16,"column":15},"end":{"line":16,"column":35}},"9":{"start":{"line":18,"column":32},"end":{"line":18,"column":60}},"10":{"start":{"line":20,"column":11},"end":{"line":20,"column":27}},"11":{"start":{"line":21,"column":19},"end":{"line":21,"column":40}},"12":{"start":{"line":32,"column":0},"end":{"line":43,"column":3}},"13":{"start":{"line":33,"column":20},"end":{"line":35,"column":4}},"14":{"start":{"line":36,"column":2},"end":{"line":39,"column":3}},"15":{"start":{"line":37,"column":17},"end":{"line":37,"column":53}},"16":{"start":{"line":37,"column":45},"end":{"line":37,"column":52}},"17":{"start":{"line":38,"column":4},"end":{"line":38,"column":36}},"18":{"start":{"line":41,"column":18},"end":{"line":41,"column":48}},"19":{"start":{"line":42,"column":2},"end":{"line":42,"column":43}},"20":{"start":{"line":56,"column":0},"end":{"line":88,"column":3}},"21":{"start":{"line":58,"column":2},"end":{"line":63,"column":3}},"22":{"start":{"line":61,"column":22},"end":{"line":61,"column":45}},"23":{"start":{"line":62,"column":4},"end":{"line":62,"column":35}},"24":{"start":{"line":65,"column":14},"end":{"line":65,"column":23}},"25":{"start":{"line":66,"column":2},"end":{"line":66,"column":80}},"26":{"start":{"line":66,"column":29},"end":{"line":66,"column":78}},"27":{"start":{"line":67,"column":2},"end":{"line":67,"column":80}},"28":{"start":{"line":67,"column":29},"end":{"line":67,"column":78}},"29":{"start":{"line":69,"column":20},"end":{"line":71,"column":4}},"30":{"start":{"line":73,"column":2},"end":{"line":76,"column":3}},"31":{"start":{"line":74,"column":17},"end":{"line":74,"column":53}},"32":{"start":{"line":74,"column":45},"end":{"line":74,"column":52}},"33":{"start":{"line":75,"column":4},"end":{"line":75,"column":36}},"34":{"start":{"line":78,"column":2},"end":{"line":82,"column":3}},"35":{"start":{"line":79,"column":4},"end":{"line":81,"column":6}},"36":{"start":{"line":85,"column":20},"end":{"line":85,"column":52}},"37":{"start":{"line":87,"column":2},"end":{"line":87,"column":33}},"38":{"start":{"line":97,"column":0},"end":{"line":100,"column":3}},"39":{"start":{"line":98,"column":18},"end":{"line":98,"column":54}},"40":{"start":{"line":99,"column":2},"end":{"line":99,"column":31}},"41":{"start":{"line":113,"column":0},"end":{"line":129,"column":2}},"42":{"start":{"line":118,"column":22},"end":{"line":120,"column":6}},"43":{"start":{"line":121,"column":4},"end":{"line":124,"column":5}},"44":{"start":{"line":122,"column":19},"end":{"line":122,"column":55}},"45":{"start":{"line":122,"column":47},"end":{"line":122,"column":54}},"46":{"start":{"line":123,"column":6},"end":{"line":123,"column":38}},"47":{"start":{"line":126,"column":20},"end":{"line":126,"column":69}},"48":{"start":{"line":127,"column":4},"end":{"line":127,"column":33}},"49":{"start":{"line":136,"column":0},"end":{"line":144,"column":2}},"50":{"start":{"line":141,"column":4},"end":{"line":141,"column":44}},"51":{"start":{"line":142,"column":4},"end":{"line":142,"column":52}},"52":{"start":{"line":146,"column":0},"end":{"line":146,"column":24}}},"fnMap":{"0":{"name":"(anonymous_0)","decl":{"start":{"line":32,"column":46},"end":{"line":32,"column":47}},"loc":{"start":{"line":32,"column":78},"end":{"line":43,"column":1}},"line":32},"1":{"name":"(anonymous_1)","decl":{"start":{"line":37,"column":38},"end":{"line":37,"column":39}},"loc":{"start":{"line":37,"column":45},"end":{"line":37,"column":52}},"line":37},"2":{"name":"(anonymous_2)","decl":{"start":{"line":56,"column":16},"end":{"line":56,"column":17}},"loc":{"start":{"line":56,"column":48},"end":{"line":88,"column":1}},"line":56},"3":{"name":"(anonymous_3)","decl":{"start":{"line":74,"column":38},"end":{"line":74,"column":39}},"loc":{"start":{"line":74,"column":45},"end":{"line":74,"column":52}},"line":74},"4":{"name":"(anonymous_4)","decl":{"start":{"line":97,"column":23},"end":{"line":97,"column":24}},"loc":{"start":{"line":97,"column":55},"end":{"line":100,"column":1}},"line":97},"5":{"name":"(anonymous_5)","decl":{"start":{"line":117,"column":2},"end":{"line":117,"column":3}},"loc":{"start":{"line":117,"column":34},"end":{"line":128,"column":3}},"line":117},"6":{"name":"(anonymous_6)","decl":{"start":{"line":122,"column":40},"end":{"line":122,"column":41}},"loc":{"start":{"line":122,"column":47},"end":{"line":122,"column":54}},"line":122},"7":{"name":"(anonymous_7)","decl":{"start":{"line":140,"column":2},"end":{"line":140,"column":3}},"loc":{"start":{"line":140,"column":34},"end":{"line":143,"column":3}},"line":140}},"branchMap":{"0":{"loc":{"start":{"line":36,"column":2},"end":{"line":39,"column":3}},"type":"if","locations":[{"start":{"line":36,"column":2},"end":{"line":39,"column":3}},{"start":{},"end":{}}],"line":36},"1":{"loc":{"start":{"line":58,"column":2},"end":{"line":63,"column":3}},"type":"if","locations":[{"start":{"line":58,"column":2},"end":{"line":63,"column":3}},{"start":{},"end":{}}],"line":58},"2":{"loc":{"start":{"line":59,"column":6},"end":{"line":59,"column":76}},"type":"binary-expr","locations":[{"start":{"line":59,"column":6},"end":{"line":59,"column":24}},{"start":{"line":59,"column":28},"end":{"line":59,"column":50}},{"start":{"line":59,"column":54},"end":{"line":59,"column":76}}],"line":59},"3":{"loc":{"start":{"line":66,"column":2},"end":{"line":66,"column":80}},"type":"if","locations":[{"start":{"line":66,"column":2},"end":{"line":66,"column":80}},{"start":{},"end":{}}],"line":66},"4":{"loc":{"start":{"line":67,"column":2},"end":{"line":67,"column":80}},"type":"if","locations":[{"start":{"line":67,"column":2},"end":{"line":67,"column":80}},{"start":{},"end":{}}],"line":67},"5":{"loc":{"start":{"line":73,"column":2},"end":{"line":76,"column":3}},"type":"if","locations":[{"start":{"line":73,"column":2},"end":{"line":76,"column":3}},{"start":{},"end":{}}],"line":73},"6":{"loc":{"start":{"line":78,"column":2},"end":{"line":82,"column":3}},"type":"if","locations":[{"start":{"line":78,"column":2},"end":{"line":82,"column":3}},{"start":{},"end":{}}],"line":78},"7":{"loc":{"start":{"line":121,"column":4},"end":{"line":124,"column":5}},"type":"if","locations":[{"start":{"line":121,"column":4},"end":{"line":124,"column":5}},{"start":{},"end":{}}],"line":121}},"s":{"0":4,"1":4,"2":4,"3":4,"4":4,"5":4,"6":4,"7":4,"8":4,"9":4,"10":4,"11":4,"12":4,"13":3,"14":3,"15":2,"16":3,"17":2,"18":1,"19":1,"20":4,"21":9,"22":2,"23":1,"24":7,"25":7,"26":3,"27":7,"28":4,"29":7,"30":7,"31":3,"32":3,"33":3,"34":4,"35":1,"36":3,"37":3,"38":4,"39":3,"40":2,"41":4,"42":4,"43":4,"44":2,"45":2,"46":2,"47":2,"48":1,"49":4,"50":2,"51":1,"52":4},"f":{"0":3,"1":3,"2":9,"3":3,"4":3,"5":4,"6":2,"7":2},"b":{"0":[2,1],"1":[2,7],"2":[9,8,5],"3":[3,4],"4":[4,3],"5":[3,4],"6":[1,3],"7":[2,2]},"_coverageSchema":"1a1c01bbd47fc00a2c39e90264f33305004495a9","hash":"b58624af13292e0fcfbfb5179c0e1cf64cda6d67"}
,"/Users/Chalon/Rithm/express-jobly/routes/users.js": {"path":"/Users/Chalon/Rithm/express-jobly/routes/users.js","statementMap":{"0":{"start":{"line":5,"column":19},"end":{"line":5,"column":40}},"1":{"start":{"line":7,"column":16},"end":{"line":7,"column":34}},"2":{"start":{"line":13,"column":4},"end":{"line":13,"column":33}},"3":{"start":{"line":14,"column":28},"end":{"line":14,"column":54}},"4":{"start":{"line":15,"column":13},"end":{"line":15,"column":38}},"5":{"start":{"line":16,"column":24},"end":{"line":16,"column":52}},"6":{"start":{"line":17,"column":22},"end":{"line":17,"column":56}},"7":{"start":{"line":18,"column":25},"end":{"line":18,"column":62}},"8":{"start":{"line":20,"column":15},"end":{"line":20,"column":31}},"9":{"start":{"line":34,"column":0},"end":{"line":46,"column":3}},"10":{"start":{"line":35,"column":20},"end":{"line":37,"column":4}},"11":{"start":{"line":38,"column":2},"end":{"line":41,"column":3}},"12":{"start":{"line":39,"column":17},"end":{"line":39,"column":53}},"13":{"start":{"line":39,"column":45},"end":{"line":39,"column":52}},"14":{"start":{"line":40,"column":4},"end":{"line":40,"column":36}},"15":{"start":{"line":43,"column":15},"end":{"line":43,"column":44}},"16":{"start":{"line":44,"column":16},"end":{"line":44,"column":33}},"17":{"start":{"line":45,"column":2},"end":{"line":45,"column":47}},"18":{"start":{"line":55,"column":0},"end":{"line":58,"column":3}},"19":{"start":{"line":56,"column":16},"end":{"line":56,"column":36}},"20":{"start":{"line":57,"column":2},"end":{"line":57,"column":29}},"21":{"start":{"line":67,"column":0},"end":{"line":70,"column":3}},"22":{"start":{"line":68,"column":15},"end":{"line":68,"column":50}},"23":{"start":{"line":69,"column":2},"end":{"line":69,"column":28}},"24":{"start":{"line":82,"column":0},"end":{"line":93,"column":3}},"25":{"start":{"line":83,"column":20},"end":{"line":85,"column":4}},"26":{"start":{"line":86,"column":2},"end":{"line":89,"column":3}},"27":{"start":{"line":87,"column":17},"end":{"line":87,"column":53}},"28":{"start":{"line":87,"column":45},"end":{"line":87,"column":52}},"29":{"start":{"line":88,"column":4},"end":{"line":88,"column":36}},"30":{"start":{"line":91,"column":15},"end":{"line":91,"column":63}},"31":{"start":{"line":92,"column":2},"end":{"line":92,"column":28}},"32":{"start":{"line":100,"column":0},"end":{"line":103,"column":3}},"33":{"start":{"line":101,"column":2},"end":{"line":101,"column":41}},"34":{"start":{"line":102,"column":2},"end":{"line":102,"column":52}},"35":{"start":{"line":105,"column":0},"end":{"line":105,"column":24}}},"fnMap":{"0":{"name":"(anonymous_0)","decl":{"start":{"line":34,"column":46},"end":{"line":34,"column":47}},"loc":{"start":{"line":34,"column":78},"end":{"line":46,"column":1}},"line":34},"1":{"name":"(anonymous_1)","decl":{"start":{"line":39,"column":38},"end":{"line":39,"column":39}},"loc":{"start":{"line":39,"column":45},"end":{"line":39,"column":52}},"line":39},"2":{"name":"(anonymous_2)","decl":{"start":{"line":55,"column":45},"end":{"line":55,"column":46}},"loc":{"start":{"line":55,"column":77},"end":{"line":58,"column":1}},"line":55},"3":{"name":"(anonymous_3)","decl":{"start":{"line":67,"column":60},"end":{"line":67,"column":61}},"loc":{"start":{"line":67,"column":92},"end":{"line":70,"column":1}},"line":67},"4":{"name":"(anonymous_4)","decl":{"start":{"line":82,"column":62},"end":{"line":82,"column":63}},"loc":{"start":{"line":82,"column":94},"end":{"line":93,"column":1}},"line":82},"5":{"name":"(anonymous_5)","decl":{"start":{"line":87,"column":38},"end":{"line":87,"column":39}},"loc":{"start":{"line":87,"column":45},"end":{"line":87,"column":52}},"line":87},"6":{"name":"(anonymous_6)","decl":{"start":{"line":100,"column":63},"end":{"line":100,"column":64}},"loc":{"start":{"line":100,"column":95},"end":{"line":103,"column":1}},"line":100}},"branchMap":{"0":{"loc":{"start":{"line":38,"column":2},"end":{"line":41,"column":3}},"type":"if","locations":[{"start":{"line":38,"column":2},"end":{"line":41,"column":3}},{"start":{},"end":{}}],"line":38},"1":{"loc":{"start":{"line":86,"column":2},"end":{"line":89,"column":3}},"type":"if","locations":[{"start":{"line":86,"column":2},"end":{"line":89,"column":3}},{"start":{},"end":{}}],"line":86}},"s":{"0":4,"1":4,"2":4,"3":4,"4":4,"5":4,"6":4,"7":4,"8":4,"9":4,"10":4,"11":4,"12":2,"13":5,"14":2,"15":2,"16":2,"17":2,"18":4,"19":2,"20":1,"21":4,"22":3,"23":2,"24":4,"25":7,"26":7,"27":1,"28":1,"29":1,"30":6,"31":5,"32":4,"33":3,"34":2,"35":4},"f":{"0":4,"1":5,"2":2,"3":3,"4":7,"5":1,"6":3},"b":{"0":[2,2],"1":[1,6]},"_coverageSchema":"1a1c01bbd47fc00a2c39e90264f33305004495a9","hash":"8b1e9d2a9694bf108503aea6521151937866f629"}
}
