TN:
SF:app.js
FN:30,(anonymous_0)
FN:35,(anonymous_1)
FNF:2
FNH:2
FNDA:2,(anonymous_0)
FNDA:42,(anonymous_1)
DA:5,4
DA:6,4
DA:8,4
DA:10,4
DA:11,4
DA:12,4
DA:13,4
DA:15,4
DA:17,4
DA:19,4
DA:20,4
DA:21,4
DA:22,4
DA:24,4
DA:25,4
DA:26,4
DA:30,4
DA:31,2
DA:35,4
DA:36,42
DA:37,42
DA:38,42
DA:40,42
DA:45,4
LF:24
LH:24
BRDA:36,0,0,1
BRDA:36,0,1,41
BRDA:37,1,0,42
BRDA:37,1,1,2
BRF:4
BRH:4
end_of_record
TN:
SF:config.js
FN:14,getDatabaseUri
FNF:1
FNH:1
FNDA:20,getDatabaseUri
DA:5,10
DA:6,10
DA:8,10
DA:10,10
DA:15,20
DA:32,10
DA:34,10
DA:35,10
DA:36,10
DA:37,10
DA:38,10
DA:39,10
DA:41,10
LF:13
LH:13
BRDA:8,0,0,10
BRDA:8,0,1,0
BRDA:10,1,0,10
BRDA:10,1,1,9
BRDA:15,2,0,17
BRDA:15,2,1,3
BRDA:17,3,0,3
BRDA:17,3,1,1
BRDA:32,4,0,9
BRDA:32,4,1,1
BRF:10
BRH:9
end_of_record
TN:
SF:db.js
FNF:0
FNH:0
DA:5,7
DA:6,7
DA:8,7
DA:12,7
DA:14,7
LF:5
LH:5
BRF:0
BRH:0
end_of_record
TN:
SF:expressError.js
FN:8,(anonymous_0)
FN:18,(anonymous_1)
FN:26,(anonymous_2)
FN:34,(anonymous_3)
FN:42,(anonymous_4)
FNF:5
FNH:4
FNDA:60,(anonymous_0)
FNDA:19,(anonymous_1)
FNDA:21,(anonymous_2)
FNDA:20,(anonymous_3)
FNDA:0,(anonymous_4)
DA:9,60
DA:10,60
DA:11,60
DA:19,19
DA:27,21
DA:35,20
DA:43,0
DA:47,9
LF:8
LH:7
BRDA:18,0,0,2
BRDA:26,1,0,0
BRDA:34,2,0,0
BRDA:42,3,0,0
BRF:4
BRH:1
end_of_record
TN:
SF:helpers/sql.js
FN:22,sqlForPartialUpdate
FN:28,(anonymous_1)
FNF:2
FNH:2
FNDA:20,sqlForPartialUpdate
FNDA:36,(anonymous_1)
DA:1,8
DA:23,20
DA:24,20
DA:27,17
DA:28,36
DA:31,17
DA:38,8
LF:7
LH:7
BRDA:24,0,0,3
BRDA:24,0,1,17
BRDA:28,1,0,36
BRDA:28,1,1,21
BRF:4
BRH:4
end_of_record
TN:
SF:helpers/tokens.js
FN:6,createToken
FNF:1
FNH:1
FNDA:16,createToken
DA:1,5
DA:2,5
DA:7,16
DA:10,16
DA:15,16
DA:18,5
LF:6
LH:6
BRDA:12,0,0,16
BRDA:12,0,1,11
BRF:2
BRH:2
end_of_record
TN:
SF:middleware/auth.js
FN:17,authenticateJWT
FN:35,ensureLoggedIn
FN:47,ensureAdmin
FN:52,ensureSelfOrAdmin
FNF:4
FNH:4
FNDA:68,authenticateJWT
FNDA:45,ensureLoggedIn
FNDA:21,ensureAdmin
FNDA:19,ensureSelfOrAdmin
DA:5,5
DA:6,5
DA:7,5
DA:18,68
DA:19,68
DA:20,68
DA:21,38
DA:22,38
DA:24,67
DA:26,1
DA:36,45
DA:37,9
DA:39,36
DA:48,21
DA:50,16
DA:53,19
DA:57,19
DA:58,3
DA:60,14
DA:63,5
LF:20
LH:20
BRDA:19,0,0,68
BRDA:19,0,1,67
BRDA:20,1,0,38
BRDA:20,1,1,30
BRDA:36,2,0,9
BRDA:36,2,1,36
BRDA:48,3,0,5
BRDA:48,3,1,16
BRDA:57,4,0,3
BRDA:57,4,1,14
BRDA:57,5,0,19
BRDA:57,5,1,9
BRF:12
BRH:12
end_of_record
TN:
SF:models/_testCommon.js
FN:6,commonBeforeAll
FN:41,commonBeforeEach
FN:45,commonAfterEach
FN:49,commonAfterAll
FNF:4
FNH:4
FNDA:3,commonBeforeAll
FNDA:43,commonBeforeEach
FNDA:43,commonAfterEach
FNDA:3,commonAfterAll
DA:1,3
DA:3,3
DA:4,3
DA:8,3
DA:10,3
DA:12,3
DA:14,3
DA:20,3
DA:26,3
DA:42,43
DA:46,43
DA:50,3
DA:54,3
LF:13
LH:13
BRF:0
BRH:0
end_of_record
TN:
SF:models/company.js
FN:27,(anonymous_0)
FN:39,(anonymous_1)
FN:48,(anonymous_2)
FN:70,(anonymous_3)
FN:111,(anonymous_4)
FN:137,(anonymous_5)
FN:168,(anonymous_6)
FN:194,(anonymous_7)
FNF:8
FNH:8
FNDA:8,(anonymous_0)
FNDA:9,(anonymous_1)
FNDA:9,(anonymous_2)
FNDA:25,(anonymous_3)
FNDA:7,(anonymous_4)
FNDA:7,(anonymous_5)
FNDA:6,(anonymous_6)
FNDA:4,(anonymous_7)
DA:3,5
DA:4,5
DA:5,5
DA:28,8
DA:30,8
DA:39,8
DA:40,9
DA:42,5
DA:44,4
DA:48,8
DA:49,9
DA:50,3
DA:52,9
DA:55,8
DA:71,25
DA:78,25
DA:79,1
DA:81,24
DA:93,24
DA:95,24
DA:113,7
DA:115,7
DA:126,6
DA:138,7
DA:149,7
DA:151,7
DA:153,3
DA:169,6
DA:174,5
DA:176,5
DA:181,5
DA:182,5
DA:184,5
DA:186,3
DA:195,4
DA:202,4
DA:204,4
DA:208,5
LF:38
LH:38
BRDA:40,0,0,5
BRDA:40,0,1,4
BRDA:49,1,0,3
BRDA:49,1,1,6
BRDA:78,2,0,1
BRDA:78,2,1,24
BRDA:111,3,0,3
BRDA:151,4,0,4
BRDA:151,4,1,3
BRDA:184,5,0,2
BRDA:184,5,1,3
BRDA:204,6,0,2
BRDA:204,6,1,2
BRF:13
BRH:13
end_of_record
TN:
SF:models/job.js
FN:12,(anonymous_0)
FN:21,(anonymous_1)
FN:31,(anonymous_2)
FN:34,(anonymous_3)
FN:59,(anonymous_4)
FN:82,(anonymous_5)
FN:105,(anonymous_6)
FN:135,(anonymous_7)
FN:168,(anonymous_8)
FNF:9
FNH:9
FNDA:4,(anonymous_0)
FNDA:5,(anonymous_1)
FNDA:5,(anonymous_2)
FNDA:5,(anonymous_3)
FNDA:1,(anonymous_4)
FNDA:3,(anonymous_5)
FNDA:6,(anonymous_6)
FNDA:4,(anonymous_7)
FNDA:2,(anonymous_8)
DA:3,1
DA:4,1
DA:5,1
DA:13,4
DA:15,4
DA:21,4
DA:22,5
DA:24,3
DA:26,2
DA:27,0
DA:29,2
DA:31,5
DA:34,4
DA:35,5
DA:36,2
DA:37,3
DA:38,2
DA:41,5
DA:44,4
DA:60,1
DA:71,1
DA:73,1
DA:83,3
DA:85,3
DA:95,3
DA:106,6
DA:116,5
DA:118,5
DA:120,4
DA:136,4
DA:138,4
DA:139,3
DA:141,1
DA:143,3
DA:147,2
DA:149,2
DA:154,2
DA:155,2
DA:158,2
DA:160,2
DA:169,2
DA:176,2
DA:178,2
DA:182,1
LF:44
LH:43
BRDA:22,0,0,3
BRDA:22,0,1,2
BRDA:26,1,0,0
BRDA:26,1,1,2
BRDA:26,2,0,2
BRDA:26,2,1,2
BRDA:35,3,0,2
BRDA:35,3,1,3
BRDA:37,4,0,2
BRDA:37,4,1,1
BRDA:82,5,0,1
BRDA:118,6,0,1
BRDA:118,6,1,4
BRDA:158,7,0,0
BRDA:158,7,1,2
BRDA:178,8,0,1
BRDA:178,8,1,1
BRF:17
BRH:15
end_of_record
TN:
SF:models/user.js
FN:24,(anonymous_0)
FN:59,(anonymous_1)
FN:104,(anonymous_2)
FN:126,(anonymous_3)
FN:162,(anonymous_4)
FN:195,(anonymous_5)
FNF:6
FNH:6
FNDA:7,(anonymous_0)
FNDA:19,(anonymous_1)
FNDA:3,(anonymous_2)
FNDA:5,(anonymous_3)
FNDA:10,(anonymous_4)
FNDA:5,(anonymous_5)
DA:3,5
DA:4,5
DA:5,5
DA:10,5
DA:12,5
DA:26,7
DA:38,7
DA:40,7
DA:42,4
DA:43,4
DA:44,3
DA:45,3
DA:49,4
DA:61,19
DA:68,19
DA:69,1
DA:72,18
DA:74,18
DA:94,18
DA:96,18
DA:105,3
DA:115,2
DA:127,5
DA:138,5
DA:140,5
DA:142,3
DA:163,10
DA:164,4
DA:167,10
DA:174,9
DA:176,9
DA:184,9
DA:185,9
DA:187,9
DA:189,7
DA:190,7
DA:196,5
DA:203,5
DA:205,5
DA:210,5
LF:40
LH:40
BRDA:40,0,0,4
BRDA:40,0,1,3
BRDA:43,1,0,3
BRDA:43,1,1,1
BRDA:68,2,0,1
BRDA:68,2,1,18
BRDA:140,3,0,2
BRDA:140,3,1,3
BRDA:163,4,0,4
BRDA:163,4,1,6
BRDA:187,5,0,2
BRDA:187,5,1,7
BRDA:205,6,0,2
BRDA:205,6,1,3
BRF:14
BRH:14
end_of_record
TN:
SF:routes/_testCommon.js
FN:8,commonBeforeAll
FN:100,commonBeforeEach
FN:104,commonAfterEach
FN:108,commonAfterAll
FNF:4
FNH:4
FNDA:3,commonBeforeAll
FNDA:63,commonBeforeEach
FNDA:63,commonAfterEach
FNDA:3,commonAfterAll
DA:3,3
DA:4,3
DA:5,3
DA:6,3
DA:10,3
DA:12,3
DA:14,3
DA:21,3
DA:28,3
DA:35,3
DA:43,3
DA:51,3
DA:58,3
DA:66,3
DA:74,3
DA:82,3
DA:90,3
DA:101,63
DA:105,63
DA:109,3
DA:112,3
DA:113,3
DA:114,3
DA:116,3
LF:24
LH:24
BRF:0
BRH:0
end_of_record
TN:
SF:routes/auth.js
FN:22,(anonymous_0)
FN:29,(anonymous_1)
FN:49,(anonymous_2)
FN:56,(anonymous_3)
FNF:4
FNH:4
FNDA:5,(anonymous_0)
FNDA:2,(anonymous_1)
FNDA:3,(anonymous_2)
FNDA:5,(anonymous_3)
DA:5,4
DA:7,4
DA:8,4
DA:9,4
DA:10,4
DA:11,4
DA:12,4
DA:13,4
DA:22,4
DA:23,5
DA:28,5
DA:29,2
DA:30,2
DA:33,3
DA:34,3
DA:35,1
DA:36,1
DA:49,4
DA:50,3
DA:55,3
DA:56,5
DA:57,2
DA:60,1
DA:61,1
DA:62,1
DA:66,4
LF:26
LH:26
BRDA:28,0,0,2
BRDA:28,0,1,3
BRDA:55,1,0,2
BRDA:55,1,1,1
BRF:4
BRH:4
end_of_record
TN:
SF:routes/companies.js
FN:32,(anonymous_0)
FN:37,(anonymous_1)
FN:56,(anonymous_2)
FN:74,(anonymous_3)
FN:97,(anonymous_4)
FN:117,(anonymous_5)
FN:122,(anonymous_6)
FN:140,(anonymous_7)
FNF:8
FNH:8
FNDA:3,(anonymous_0)
FNDA:3,(anonymous_1)
FNDA:9,(anonymous_2)
FNDA:3,(anonymous_3)
FNDA:3,(anonymous_4)
FNDA:4,(anonymous_5)
FNDA:2,(anonymous_6)
FNDA:2,(anonymous_7)
DA:5,4
DA:6,4
DA:8,4
DA:9,4
DA:10,4
DA:12,4
DA:13,4
DA:14,4
DA:16,4
DA:18,4
DA:20,4
DA:21,4
DA:32,4
DA:33,3
DA:36,3
DA:37,3
DA:38,2
DA:41,1
DA:42,1
DA:56,4
DA:58,9
DA:61,2
DA:62,1
DA:65,7
DA:66,7
DA:67,7
DA:69,7
DA:73,7
DA:74,3
DA:75,3
DA:78,4
DA:79,1
DA:85,3
DA:87,3
DA:97,4
DA:98,3
DA:99,2
DA:113,4
DA:118,4
DA:121,4
DA:122,2
DA:123,2
DA:126,2
DA:127,1
DA:136,4
DA:141,2
DA:142,1
DA:146,4
LF:48
LH:48
BRDA:36,0,0,2
BRDA:36,0,1,1
BRDA:58,1,0,2
BRDA:58,1,1,7
BRDA:59,2,0,9
BRDA:59,2,1,8
BRDA:59,2,2,5
BRDA:66,3,0,3
BRDA:66,3,1,4
BRDA:67,4,0,4
BRDA:67,4,1,3
BRDA:73,5,0,3
BRDA:73,5,1,4
BRDA:78,6,0,1
BRDA:78,6,1,3
BRDA:121,7,0,2
BRDA:121,7,1,2
BRF:17
BRH:17
end_of_record
TN:
SF:routes/users.js
FN:34,(anonymous_0)
FN:39,(anonymous_1)
FN:55,(anonymous_2)
FN:67,(anonymous_3)
FN:82,(anonymous_4)
FN:87,(anonymous_5)
FN:100,(anonymous_6)
FNF:7
FNH:7
FNDA:4,(anonymous_0)
FNDA:5,(anonymous_1)
FNDA:2,(anonymous_2)
FNDA:3,(anonymous_3)
FNDA:7,(anonymous_4)
FNDA:1,(anonymous_5)
FNDA:3,(anonymous_6)
DA:5,4
DA:7,4
DA:13,4
DA:14,4
DA:15,4
DA:16,4
DA:17,4
DA:18,4
DA:20,4
DA:34,4
DA:35,4
DA:38,4
DA:39,5
DA:40,2
DA:43,2
DA:44,2
DA:45,2
DA:55,4
DA:56,2
DA:57,1
DA:67,4
DA:68,3
DA:69,2
DA:82,4
DA:83,7
DA:86,7
DA:87,1
DA:88,1
DA:91,6
DA:92,5
DA:100,4
DA:101,3
DA:102,2
DA:105,4
LF:34
LH:34
BRDA:38,0,0,2
BRDA:38,0,1,2
BRDA:86,1,0,1
BRDA:86,1,1,6
BRF:4
BRH:4
end_of_record
